2021-06-08 17:45:22,232 -WARNING - ggplot_log;ggplot({'x': 'wt', 'y': 'mpg'})
2021-06-08 17:45:22,232 -WARNING - ggplot_log;geom_line({'color': 'red'})
2021-08-09 08:45:21,670 -WARNING - __main__;ggplot({'x': 'wt'})
2021-08-09 08:45:21,670 -WARNING - __main__;geom_histogram({'color': 'pink'})
2021-08-09 08:45:41,064 -WARNING - __main__;ggplot({'x': 'wt'})
2021-08-09 08:45:41,065 -WARNING - __main__;geom_histogram({'color': 'pink'})
2021-08-09 08:46:18,977 -WARNING - __main__;ggplot({'x': 'wt'})
2021-08-09 08:46:18,978 -WARNING - __main__;geom_histogram({'color': 'pink'})
WARNING:root:__main__;ggplot({'x': 'wt'})
WARNING:root:__main__;geom_histogram({'color': 'pink'})
2021-08-09 09:02:00,125 -WARNING - __main__;ggplot,ggplot({'x': 'wt'})
2021-08-09 09:02:00,125 -WARNING - __main__;geom_histogram,geom_histogram({'color': 'pink'})
2021-08-09 09:02:07,931 -WARNING - __main__;ggplot,ggplot({'x': 'wt'})
2021-08-09 09:02:07,932 -WARNING - __main__;geom_histogram,geom_histogram({'color': 'pink'})
2021-08-09 09:02:34,680 -WARNING - __main__;ggplot({'x': 'wt'})
2021-08-09 09:02:34,680 -WARNING - __main__;geom_histogram({'color': 'pink'})
2021-08-27 12:54:09,955 -WARNING - ggplot_log;ggplot({'x': 'wt', 'y': 'mpg'})
2021-08-27 12:54:09,956 -WARNING - ggplot_log;geom_line({'color': 'red'})
2021-08-27 12:55:40,970 -WARNING - ggplot_log;ggplot({'x': 'wt', 'y': 'mpg'})
2021-08-27 12:55:40,971 -WARNING - ggplot_log;geom_line({'color': 'red'})
2021-08-27 12:55:55,288 -WARNING - ggplot_log;ggplot({'x': 'wt', 'y': 'mpg'})
2021-08-27 12:55:55,288 -WARNING - ggplot_log;geom_line({'color': 'red'})
2021-08-27 12:56:40,060 -WARNING - ggplot_log;ggplot({'x': 'gear'})
2021-08-27 12:56:40,061 -WARNING - ggplot_log;geom_bar({})
2021-08-27 12:57:50,073 -WARNING - ggplot_log;ggplot({'x': 'am', 'color': 'cyl'})
2021-08-27 12:57:50,074 -WARNING - ggplot_log;geom_bar({})
2021-08-27 12:58:12,883 -WARNING - ggplot_log;ggplot({'x': 'am', 'color': 'cyl'})
2021-08-27 12:58:12,884 -WARNING - ggplot_log;geom_bar({})
2021-08-27 12:58:41,754 -WARNING - ggplot_log;ggplot({'x': 'am', 'color': 'cyl'})
2021-08-27 12:58:41,755 -WARNING - ggplot_log;geom_bar({'color': 'blue'})
2021-08-27 12:59:11,389 -WARNING - ggplot_log;ggplot({'x': 'am', 'color': 'cyl'})
2021-08-27 12:59:11,389 -WARNING - ggplot_log;geom_bar({'fill': 'blue'})
2021-08-27 12:59:57,474 -WARNING - ggplot_log;ggplot({'x': 'mpg', 'y': 'qsec', 'color': 'cyl'})
2021-08-27 12:59:57,475 -WARNING - ggplot_log;geom_bar({'fill': 'blue'})
2021-08-27 13:00:25,990 -WARNING - ggplot_log;ggplot({'x': 'mpg', 'y': 'qsec', 'color': 'cyl'})
2021-08-27 13:00:25,991 -WARNING - ggplot_log;geom_point({})
2021-08-27 13:07:21,378 -WARNING - ggplot_log;ggplot({'y': 'carb'})
2021-08-27 13:07:21,379 -WARNING - ggplot_log;geom_bar({})
2021-08-27 13:08:01,130 -WARNING - ggplot_log;ggplot({'x': 'name', 'color': 'gear'})
2021-08-27 13:08:01,131 -WARNING - ggplot_log;geom_bar({})
2021-08-27 13:08:21,642 -WARNING - ggplot_log;ggplot({'x': 'name', 'color': 'gear'})
2021-08-27 13:08:21,643 -WARNING - ggplot_log;geom_point({})
2021-08-27 13:08:32,312 -WARNING - ggplot_log;ggplot({'x': 'name', 'color': 'gear'})
2021-08-27 13:08:32,313 -WARNING - ggplot_log;geom_point({})
2021-08-27 13:08:38,261 -WARNING - ggplot_log;ggplot({'x': 'name', 'color': 'gear'})
2021-08-27 13:08:38,262 -WARNING - ggplot_log;geom_point({})
2021-08-27 13:09:07,742 -WARNING - ggplot_log;ggplot({'x': 'bar', 'color': 'gear'})
2021-08-27 13:09:07,743 -WARNING - ggplot_log;geom_line({})
2021-08-27 13:09:20,424 -WARNING - ggplot_log;ggplot({'x': 'bar', 'color': 'gear'})
2021-08-27 13:09:20,425 -WARNING - ggplot_log;geom_bar({})
2021-08-27 13:09:41,857 -WARNING - ggplot_log;ggplot({'x': 'hp', 'color': 'gear'})
2021-08-27 13:09:41,859 -WARNING - ggplot_log;geom_bar({})
2021-08-27 13:10:33,550 -WARNING - ggplot_log;ggplot({'x': 'name', 'color': 'gear'})
2021-08-27 13:10:33,551 -WARNING - ggplot_log;geom_bar({})
2021-08-27 13:10:49,312 -WARNING - ggplot_log;ggplot({'x': 'name', 'color': 'gear'})
2021-08-27 13:10:49,313 -WARNING - ggplot_log;geom_bar({})
2021-08-27 13:10:58,494 -WARNING - ggplot_log;ggplot({'x': 'name', 'color': 'gear'})
2021-08-27 13:10:58,495 -WARNING - ggplot_log;geom_bar({})
2021-08-27 13:11:12,620 -WARNING - ggplot_log;ggplot({'x': 'name', 'color': 'gear'})
2021-08-27 13:11:12,621 -WARNING - ggplot_log;geom_bar({})
